\BOOKMARK [0][-]{chapter.1}{\376\377\000I\000N\000T\000R\000O\000D\000U\000C\000C\000I\000\323\000N}{}% 1
\BOOKMARK [1][-]{section.1.1}{\376\377\000C\000o\000n\000t\000e\000x\000t\000o\000\040\000m\000u\000n\000d\000i\000a\000l\000\040\000d\000e\000\040\000l\000a\000\040\000p\000r\000o\000d\000u\000c\000c\000i\000\363\000n\000\040\000y\000\040\000e\000x\000p\000o\000r\000t\000a\000c\000i\000\363\000n\000\040\000d\000e\000\040\000p\000a\000l\000t\000a\000\040\000H\000a\000s\000s}{chapter.1}% 2
\BOOKMARK [2][-]{subsection.1.1.1}{\376\377\000I\000m\000p\000o\000r\000t\000a\000n\000c\000i\000a\000\040\000e\000c\000o\000n\000\363\000m\000i\000c\000a\000\040\000d\000e\000\040\000l\000a\000\040\000p\000a\000l\000t\000a\000\040\000H\000a\000s\000s}{section.1.1}% 3
\BOOKMARK [2][-]{subsection.1.1.2}{\376\377\000C\000r\000e\000c\000i\000m\000i\000e\000n\000t\000o\000\040\000d\000e\000l\000\040\000c\000o\000n\000s\000u\000m\000o\000\040\000m\000u\000n\000d\000i\000a\000l}{section.1.1}% 4
\BOOKMARK [2][-]{subsection.1.1.3}{\376\377\000P\000r\000i\000n\000c\000i\000p\000a\000l\000e\000s\000\040\000p\000a\000\355\000s\000e\000s\000\040\000p\000r\000o\000d\000u\000c\000t\000o\000r\000e\000s\000\040\000y\000\040\000e\000x\000p\000o\000r\000t\000a\000d\000o\000r\000e\000s}{section.1.1}% 5
\BOOKMARK [2][-]{subsection.1.1.4}{\376\377\000P\000o\000s\000i\000c\000i\000o\000n\000a\000m\000i\000e\000n\000t\000o\000\040\000d\000e\000l\000\040\000P\000e\000r\000\372\000\040\000e\000n\000\040\000e\000l\000\040\000m\000e\000r\000c\000a\000d\000o\000\040\000i\000n\000t\000e\000r\000n\000a\000c\000i\000o\000n\000a\000l}{section.1.1}% 6
\BOOKMARK [1][-]{section.1.2}{\376\377\000P\000r\000o\000b\000l\000e\000m\000\341\000t\000i\000c\000a\000\040\000d\000e\000\040\000l\000a\000\040\000v\000o\000l\000a\000t\000i\000l\000i\000d\000a\000d\000\040\000d\000e\000\040\000p\000r\000e\000c\000i\000o\000s\000\040\000a\000g\000r\000\355\000c\000o\000l\000a\000s}{chapter.1}% 7
\BOOKMARK [2][-]{subsection.1.2.1}{\376\377\000C\000o\000m\000p\000o\000r\000t\000a\000m\000i\000e\000n\000t\000o\000\040\000v\000a\000r\000i\000a\000b\000l\000e\000\040\000d\000e\000\040\000l\000o\000s\000\040\000p\000r\000e\000c\000i\000o\000s\000\040\000a\000g\000r\000\355\000c\000o\000l\000a\000s}{section.1.2}% 8
\BOOKMARK [2][-]{subsection.1.2.2}{\376\377\000I\000n\000f\000l\000u\000e\000n\000c\000i\000a\000\040\000d\000e\000\040\000o\000f\000e\000r\000t\000a\000\040\000y\000\040\000d\000e\000m\000a\000n\000d\000a\000,\000\040\000c\000l\000i\000m\000a\000\040\000y\000\040\000e\000s\000t\000a\000c\000i\000o\000n\000a\000l\000i\000d\000a\000d}{section.1.2}% 9
\BOOKMARK [2][-]{subsection.1.2.3}{\376\377\000I\000m\000p\000a\000c\000t\000o\000\040\000e\000c\000o\000n\000\363\000m\000i\000c\000o\000\040\000e\000n\000\040\000p\000r\000o\000d\000u\000c\000t\000o\000r\000e\000s\000\040\000y\000\040\000e\000x\000p\000o\000r\000t\000a\000d\000o\000r\000e\000s}{section.1.2}% 10
\BOOKMARK [2][-]{subsection.1.2.4}{\376\377\000R\000i\000e\000s\000g\000o\000\040\000a\000s\000o\000c\000i\000a\000d\000o\000\040\000a\000\040\000l\000a\000\040\000t\000o\000m\000a\000\040\000d\000e\000\040\000d\000e\000c\000i\000s\000i\000o\000n\000e\000s}{section.1.2}% 11
\BOOKMARK [1][-]{section.1.3}{\376\377\000S\000i\000t\000u\000a\000c\000i\000\363\000n\000\040\000d\000e\000l\000\040\000s\000e\000c\000t\000o\000r\000\040\000p\000a\000l\000t\000e\000r\000o\000\040\000e\000n\000\040\000P\000e\000r\000\372\000\040\000y\000\040\000L\000a\000\040\000L\000i\000b\000e\000r\000t\000a\000d}{chapter.1}% 12
\BOOKMARK [2][-]{subsection.1.3.1}{\376\377\000P\000r\000o\000d\000u\000c\000c\000i\000\363\000n\000\040\000y\000\040\000e\000x\000p\000o\000r\000t\000a\000c\000i\000\363\000n\000\040\000p\000e\000r\000u\000a\000n\000a}{section.1.3}% 13
\BOOKMARK [2][-]{subsection.1.3.2}{\376\377\000P\000a\000r\000t\000i\000c\000i\000p\000a\000c\000i\000\363\000n\000\040\000d\000e\000\040\000L\000a\000\040\000L\000i\000b\000e\000r\000t\000a\000d}{section.1.3}% 14
\BOOKMARK [2][-]{subsection.1.3.3}{\376\377\000P\000r\000o\000b\000l\000e\000m\000a\000s\000\040\000d\000e\000\040\000p\000l\000a\000n\000i\000f\000i\000c\000a\000c\000i\000\363\000n\000\040\000d\000e\000\040\000c\000a\000m\000p\000a\000\361\000a\000s}{section.1.3}% 15
\BOOKMARK [2][-]{subsection.1.3.4}{\376\377\000D\000e\000p\000e\000n\000d\000e\000n\000c\000i\000a\000\040\000d\000e\000\040\000p\000r\000e\000c\000i\000o\000s\000\040\000h\000i\000s\000t\000\363\000r\000i\000c\000o\000s\000\040\000y\000\040\000e\000x\000p\000e\000r\000i\000e\000n\000c\000i\000a\000\040\000e\000m\000p\000\355\000r\000i\000c\000a}{section.1.3}% 16
\BOOKMARK [1][-]{section.1.4}{\376\377\000T\000r\000a\000n\000s\000f\000o\000r\000m\000a\000c\000i\000\363\000n\000\040\000d\000i\000g\000i\000t\000a\000l\000\040\000y\000\040\000a\000g\000r\000i\000c\000u\000l\000t\000u\000r\000a\000\040\000i\000n\000t\000e\000l\000i\000g\000e\000n\000t\000e}{chapter.1}% 17
\BOOKMARK [2][-]{subsection.1.4.1}{\376\377\000A\000g\000r\000i\000c\000u\000l\000t\000u\000r\000a\000\040\0004\000.\0000}{section.1.4}% 18
\BOOKMARK [2][-]{subsection.1.4.2}{\376\377\000U\000s\000o\000\040\000d\000e\000\040\000B\000i\000g\000\040\000D\000a\000t\000a\000\040\000e\000\040\000I\000n\000t\000e\000l\000i\000g\000e\000n\000c\000i\000a\000\040\000A\000r\000t\000i\000f\000i\000c\000i\000a\000l}{section.1.4}% 19
\BOOKMARK [2][-]{subsection.1.4.3}{\376\377\000B\000e\000n\000e\000f\000i\000c\000i\000o\000s\000\040\000d\000e\000\040\000l\000a\000\040\000a\000n\000a\000l\000\355\000t\000i\000c\000a\000\040\000p\000r\000e\000d\000i\000c\000t\000i\000v\000a\000\040\000p\000a\000r\000a\000\040\000l\000a\000\040\000a\000g\000r\000i\000c\000u\000l\000t\000u\000r\000a}{section.1.4}% 20
\BOOKMARK [1][-]{section.1.5}{\376\377\000P\000r\000e\000d\000i\000c\000c\000i\000\363\000n\000\040\000d\000e\000\040\000p\000r\000e\000c\000i\000o\000s\000\040\000a\000g\000r\000\355\000c\000o\000l\000a\000s\000\040\000m\000e\000d\000i\000a\000n\000t\000e\000\040\000s\000e\000r\000i\000e\000s\000\040\000t\000e\000m\000p\000o\000r\000a\000l\000e\000s}{chapter.1}% 21
\BOOKMARK [2][-]{subsection.1.5.1}{\376\377\000M\000o\000d\000e\000l\000o\000s\000\040\000e\000s\000t\000a\000d\000\355\000s\000t\000i\000c\000o\000s\000\040\000t\000r\000a\000d\000i\000c\000i\000o\000n\000a\000l\000e\000s\000\040\000\050\000A\000R\000I\000M\000A\000,\000\040\000S\000A\000R\000I\000M\000A\000\051}{section.1.5}% 22
\BOOKMARK [2][-]{subsection.1.5.2}{\376\377\000M\000o\000d\000e\000l\000o\000s\000\040\000d\000e\000\040\000M\000a\000c\000h\000i\000n\000e\000\040\000L\000e\000a\000r\000n\000i\000n\000g\000\040\000\050\000S\000V\000R\000,\000\040\000R\000a\000n\000d\000o\000m\000\040\000F\000o\000r\000e\000s\000t\000,\000\040\000X\000G\000B\000o\000o\000s\000t\000\051}{section.1.5}% 23
\BOOKMARK [2][-]{subsection.1.5.3}{\376\377\000M\000o\000d\000e\000l\000o\000s\000\040\000D\000e\000e\000p\000\040\000L\000e\000a\000r\000n\000i\000n\000g\000\040\000\050\000R\000N\000N\000,\000\040\000L\000S\000T\000M\000,\000\040\000B\000i\000L\000S\000T\000M\000\051}{section.1.5}% 24
\BOOKMARK [2][-]{subsection.1.5.4}{\376\377\000M\000o\000d\000e\000l\000o\000s\000\040\000h\000\355\000b\000r\000i\000d\000o\000s\000\040\000r\000e\000c\000i\000e\000n\000t\000e\000s\000\040\000\050\000A\000R\000I\000M\000A\000-\000L\000S\000T\000M\000,\000\040\000C\000N\000N\000-\000L\000S\000T\000M\000,\000\040\000T\000C\000N\000-\000M\000L\000P\000-\000A\000t\000t\000e\000n\000t\000i\000o\000n\000\051}{section.1.5}% 25
\BOOKMARK [1][-]{section.1.6}{\376\377\000L\000i\000m\000i\000t\000a\000c\000i\000o\000n\000e\000s\000\040\000d\000e\000\040\000l\000a\000s\000\040\000i\000n\000v\000e\000s\000t\000i\000g\000a\000c\000i\000o\000n\000e\000s\000\040\000e\000x\000i\000s\000t\000e\000n\000t\000e\000s}{chapter.1}% 26
\BOOKMARK [2][-]{subsection.1.6.1}{\376\377\000P\000r\000e\000d\000i\000c\000c\000i\000o\000n\000e\000s\000\040\000o\000r\000i\000e\000n\000t\000a\000d\000a\000s\000\040\000a\000\040\000m\000e\000r\000c\000a\000d\000o\000s\000\040\000a\000s\000i\000\341\000t\000i\000c\000o\000s\000\040\000o\000\040\000c\000h\000i\000n\000o\000s}{section.1.6}% 27
\BOOKMARK [2][-]{subsection.1.6.2}{\376\377\000P\000o\000c\000o\000s\000\040\000e\000s\000t\000u\000d\000i\000o\000s\000\040\000p\000a\000r\000a\000\040\000L\000a\000t\000i\000n\000o\000a\000m\000\351\000r\000i\000c\000a}{section.1.6}% 28
\BOOKMARK [2][-]{subsection.1.6.3}{\376\377\000E\000s\000c\000a\000s\000e\000z\000\040\000d\000e\000\040\000s\000i\000s\000t\000e\000m\000a\000s\000\040\000d\000e\000\040\000a\000p\000o\000y\000o\000\040\000p\000a\000r\000a\000\040\000p\000e\000q\000u\000e\000\361\000o\000s\000\040\000p\000r\000o\000d\000u\000c\000t\000o\000r\000e\000s}{section.1.6}% 29
\BOOKMARK [2][-]{subsection.1.6.4}{\376\377\000A\000u\000s\000e\000n\000c\000i\000a\000\040\000d\000e\000\040\000h\000e\000r\000r\000a\000m\000i\000e\000n\000t\000a\000s\000\040\000m\000\363\000v\000i\000l\000e\000s\000\040\000o\000r\000i\000e\000n\000t\000a\000d\000a\000s\000\040\000a\000\040\000d\000e\000c\000i\000s\000i\000o\000n\000e\000s\000\040\000d\000e\000\040\000s\000i\000e\000m\000b\000r\000a}{section.1.6}% 30
\BOOKMARK [1][-]{section.1.7}{\376\377\000N\000e\000c\000e\000s\000i\000d\000a\000d\000\040\000d\000e\000\040\000u\000n\000a\000\040\000s\000o\000l\000u\000c\000i\000\363\000n\000\040\000t\000e\000c\000n\000o\000l\000\363\000g\000i\000c\000a\000\040\000p\000a\000r\000a\000\040\000p\000r\000o\000d\000u\000c\000t\000o\000r\000e\000s\000\040\000d\000e\000\040\000L\000a\000\040\000L\000i\000b\000e\000r\000t\000a\000d}{chapter.1}% 31
\BOOKMARK [2][-]{subsection.1.7.1}{\376\377\000N\000e\000c\000e\000s\000i\000d\000a\000d\000\040\000d\000e\000\040\000a\000n\000t\000i\000c\000i\000p\000a\000r\000\040\000p\000r\000e\000c\000i\000o\000s\000\040\000F\000O\000B}{section.1.7}% 32
\BOOKMARK [2][-]{subsection.1.7.2}{\376\377\000N\000e\000c\000e\000s\000i\000d\000a\000d\000\040\000d\000e\000\040\000e\000v\000a\000l\000u\000a\000r\000\040\000e\000s\000c\000e\000n\000a\000r\000i\000o\000s\000\040\000d\000e\000\040\000r\000e\000n\000t\000a\000b\000i\000l\000i\000d\000a\000d}{section.1.7}% 33
\BOOKMARK [2][-]{subsection.1.7.3}{\376\377\000I\000m\000p\000o\000r\000t\000a\000n\000c\000i\000a\000\040\000d\000e\000\040\000d\000i\000s\000p\000o\000n\000e\000r\000\040\000d\000e\000\040\000r\000e\000c\000o\000m\000e\000n\000d\000a\000c\000i\000o\000n\000e\000s\000\040\000d\000e\000\040\000s\000i\000e\000m\000b\000r\000a}{section.1.7}% 34
\BOOKMARK [1][-]{section.1.8}{\376\377\000P\000r\000o\000p\000u\000e\000s\000t\000a\000\040\000d\000e\000\040\000i\000n\000v\000e\000s\000t\000i\000g\000a\000c\000i\000\363\000n}{chapter.1}% 35
\BOOKMARK [2][-]{subsection.1.8.1}{\376\377\000U\000s\000o\000\040\000d\000e\000\040\000d\000a\000t\000o\000s\000\040\000d\000e\000\040\000A\000d\000u\000a\000n\000e\000t\000\040\000e\000\040\000I\000N\000E\000I}{section.1.8}% 36
\BOOKMARK [2][-]{subsection.1.8.2}{\376\377\000C\000o\000m\000p\000a\000r\000a\000c\000i\000\363\000n\000\040\000e\000n\000t\000r\000e\000\040\000S\000A\000R\000I\000M\000A\000,\000\040\000L\000S\000T\000M\000\040\000y\000\040\000S\000V\000R}{section.1.8}% 37
\BOOKMARK [2][-]{subsection.1.8.3}{\376\377\000P\000r\000e\000d\000i\000c\000c\000i\000\363\000n\000\040\000d\000e\000\040\000p\000r\000e\000c\000i\000o\000s\000\040\000F\000O\000B\000\040\000d\000e\000\040\0004\000,\000\040\0006\000\040\000y\000\040\0008\000\040\000s\000e\000m\000a\000n\000a\000s}{section.1.8}% 38
\BOOKMARK [2][-]{subsection.1.8.4}{\376\377\000B\000a\000c\000k\000e\000n\000d\000\040\000e\000n\000\040\000F\000a\000s\000t\000A\000P\000I}{section.1.8}% 39
\BOOKMARK [2][-]{subsection.1.8.5}{\376\377\000A\000p\000l\000i\000c\000a\000c\000i\000\363\000n\000\040\000m\000\363\000v\000i\000l\000\040\000e\000n\000\040\000R\000e\000a\000c\000t}{section.1.8}% 40
\BOOKMARK [2][-]{subsection.1.8.6}{\376\377\000S\000i\000m\000u\000l\000a\000d\000o\000r\000\040\000d\000e\000\040\000r\000e\000n\000t\000a\000b\000i\000l\000i\000d\000a\000d\000\040\000y\000\040\000r\000e\000c\000o\000m\000e\000n\000d\000a\000c\000i\000o\000n\000e\000s\000\040\000d\000e\000\040\000s\000i\000e\000m\000b\000r\000a}{section.1.8}% 41
\BOOKMARK [1][-]{section.1.9}{\376\377\000O\000b\000j\000e\000t\000i\000v\000o\000\040\000d\000e\000\040\000l\000a\000\040\000i\000n\000v\000e\000s\000t\000i\000g\000a\000c\000i\000\363\000n}{chapter.1}% 42
\BOOKMARK [1][-]{section.1.10}{\376\377\000H\000i\000p\000\363\000t\000e\000s\000i\000s\000\040\000d\000e\000\040\000i\000n\000v\000e\000s\000t\000i\000g\000a\000c\000i\000\363\000n}{chapter.1}% 43
\BOOKMARK [1][-]{section.1.11}{\376\377\000C\000o\000r\000r\000e\000s\000p\000o\000n\000d\000e\000n\000c\000i\000a\000\040\000e\000n\000t\000r\000e\000\040\000o\000b\000j\000e\000t\000i\000v\000o\000s\000,\000\040\000s\000o\000l\000u\000c\000i\000o\000n\000e\000s\000\040\000e\000\040\000h\000i\000p\000\363\000t\000e\000s\000i\000s}{chapter.1}% 44
\BOOKMARK [0][-]{chapter.2}{\376\377\000M\000\311\000T\000O\000D\000O}{}% 45
\BOOKMARK [1][-]{section.2.1}{\376\377\000T\000i\000p\000o\000\040\000d\000e\000\040\000i\000n\000v\000e\000s\000t\000i\000g\000a\000c\000i\000\363\000n}{chapter.2}% 46
\BOOKMARK [2][-]{subsection.2.1.1}{\376\377\000D\000e\000\040\000a\000c\000u\000e\000r\000d\000o\000\040\000a\000\040\000l\000a\000\040\000o\000r\000i\000e\000n\000t\000a\000c\000i\000\363\000n\000\040\000o\000\040\000f\000i\000n\000a\000l\000i\000d\000a\000d}{section.2.1}% 47
\BOOKMARK [2][-]{subsection.2.1.2}{\376\377\000D\000e\000\040\000a\000c\000u\000e\000r\000d\000o\000\040\000a\000\040\000l\000a\000\040\000t\000\351\000c\000n\000i\000c\000a\000\040\000d\000e\000\040\000c\000o\000n\000t\000r\000a\000s\000t\000a\000c\000i\000\363\000n}{section.2.1}% 48
\BOOKMARK [1][-]{section.2.2}{\376\377\000N\000i\000v\000e\000l\000\040\000d\000e\000\040\000i\000n\000v\000e\000s\000t\000i\000g\000a\000c\000i\000\363\000n}{chapter.2}% 49
\BOOKMARK [1][-]{section.2.3}{\376\377\000D\000i\000s\000e\000\361\000o\000\040\000d\000e\000\040\000i\000n\000v\000e\000s\000t\000i\000g\000a\000c\000i\000\363\000n}{chapter.2}% 50
\BOOKMARK [1][-]{section.2.4}{\376\377\000P\000o\000b\000l\000a\000c\000i\000\363\000n\000,\000\040\000m\000u\000e\000s\000t\000r\000a\000\040\000y\000\040\000m\000u\000e\000s\000t\000r\000e\000o}{chapter.2}% 51
\BOOKMARK [2][-]{subsection.2.4.1}{\376\377\000P\000o\000b\000l\000a\000c\000i\000\363\000n}{section.2.4}% 52
\BOOKMARK [2][-]{subsection.2.4.2}{\376\377\000C\000\341\000l\000c\000u\000l\000o\000\040\000d\000e\000\040\000m\000u\000e\000s\000t\000r\000a\000\040\000p\000a\000r\000a\000\040\000p\000r\000o\000d\000u\000c\000t\000o\000r\000e\000s}{section.2.4}% 53
\BOOKMARK [2][-]{subsection.2.4.3}{\376\377\000M\000u\000e\000s\000t\000r\000a\000\040\000y\000\040\000m\000u\000e\000s\000t\000r\000e\000o\000\040\000p\000o\000r\000\040\000i\000n\000d\000i\000c\000a\000d\000o\000r}{section.2.4}% 54
\BOOKMARK [2][-]{subsection.2.4.4}{\376\377\000F\000u\000e\000n\000t\000e\000s\000\040\000d\000e\000\040\000d\000a\000t\000o\000s}{section.2.4}% 55
\BOOKMARK [1][-]{section.2.5}{\376\377\000V\000a\000r\000i\000a\000b\000l\000e\000s}{chapter.2}% 56
\BOOKMARK [1][-]{section.2.6}{\376\377\000T\000\351\000c\000n\000i\000c\000a\000s\000\040\000e\000\040\000i\000n\000s\000t\000r\000u\000m\000e\000n\000t\000o\000s\000,\000\040\000v\000a\000l\000i\000d\000a\000c\000i\000\363\000n\000\040\000y\000\040\000c\000o\000n\000f\000i\000a\000b\000i\000l\000i\000d\000a\000d}{chapter.2}% 57
\BOOKMARK [1][-]{table.caption.45}{\376\377\000M\000\351\000t\000o\000d\000o\000\040\000d\000e\000\040\000a\000n\000\341\000l\000i\000s\000i\000s\000\040\000d\000e\000\040\000d\000a\000t\000o\000s}{chapter.2}% 58
\BOOKMARK [2][-]{section*.46}{\376\377\000F\000l\000u\000j\000o\000g\000r\000a\000m\000a\000\040\000p\000a\000r\000a\000\040\000s\000e\000l\000e\000c\000c\000i\000o\000n\000a\000r\000\040\000l\000a\000\040\000p\000r\000u\000e\000b\000a\000\040\000e\000s\000t\000a\000d\000\355\000s\000t\000i\000c\000a}{table.caption.45}% 59
\BOOKMARK [2][-]{figure.caption.47}{\376\377\000C\000o\000n\000t\000r\000a\000s\000t\000a\000c\000i\000\363\000n\000\040\000d\000e\000\040\000h\000i\000p\000\363\000t\000e\000s\000i\000s}{table.caption.45}% 60
\BOOKMARK [2][-]{table.2.7}{\376\377\000S\000\355\000n\000t\000e\000s\000i\000s\000\040\000d\000e\000\040\000l\000a\000\040\000m\000e\000t\000o\000d\000o\000l\000o\000g\000\355\000a\000\040\000e\000s\000t\000a\000d\000\355\000s\000t\000i\000c\000a}{table.caption.45}% 61
\BOOKMARK [1][-]{section.2.7}{\376\377\000P\000r\000o\000c\000e\000d\000i\000m\000i\000e\000n\000t\000o}{chapter.2}% 62
\BOOKMARK [0][-]{chapter.3}{\376\377\000A\000S\000P\000E\000C\000T\000O\000S\000\040\000A\000D\000M\000I\000N\000I\000S\000T\000R\000A\000T\000I\000V\000O\000S}{}% 63
\BOOKMARK [1][-]{section.3.1}{\376\377\000R\000e\000c\000u\000r\000s\000o\000s\000\040\000y\000\040\000p\000r\000e\000s\000u\000p\000u\000e\000s\000t\000o}{chapter.3}% 64
\BOOKMARK [2][-]{subsection.3.1.1}{\376\377\000R\000e\000c\000u\000r\000s\000o\000s}{section.3.1}% 65
\BOOKMARK [2][-]{subsection.3.1.2}{\376\377\000P\000r\000e\000s\000u\000p\000u\000e\000s\000t\000o}{section.3.1}% 66
\BOOKMARK [1][-]{section.3.2}{\376\377\000F\000i\000n\000a\000n\000c\000i\000a\000m\000i\000e\000n\000t\000o}{chapter.3}% 67
\BOOKMARK [2][-]{subsection.3.2.1}{\376\377\000D\000e\000\040\000f\000u\000e\000n\000t\000e\000s\000\040\000e\000x\000t\000e\000r\000n\000a\000s}{section.3.2}% 68
\BOOKMARK [2][-]{subsection.3.2.2}{\376\377\000A\000u\000t\000o\000f\000i\000n\000a\000n\000c\000i\000a\000c\000i\000\363\000n}{section.3.2}% 69
\BOOKMARK [1][-]{section.3.3}{\376\377\000C\000r\000o\000n\000o\000g\000r\000a\000m\000a\000\040\000d\000e\000\040\000e\000j\000e\000c\000u\000c\000i\000\363\000n}{chapter.3}% 70
\BOOKMARK [2][-]{subsection.3.3.1}{\376\377\000P\000e\000r\000\355\000o\000d\000o}{section.3.3}% 71
\BOOKMARK [2][-]{subsection.3.3.2}{\376\377\000C\000r\000o\000n\000o\000g\000r\000a\000m\000a}{section.3.3}% 72
\BOOKMARK [0][-]{appendix.Alph1}{\376\377\000M\000a\000t\000r\000i\000z\000\040\000d\000e\000\040\000o\000p\000e\000r\000a\000c\000i\000o\000n\000a\000l\000i\000z\000a\000c\000i\000\363\000n\000\040\000d\000e\000\040\000v\000a\000r\000i\000a\000b\000l\000e\000s}{}% 73
\BOOKMARK [0][-]{appendix.Alph2}{\376\377\000M\000a\000t\000r\000i\000z\000\040\000d\000e\000\040\000c\000o\000n\000s\000i\000s\000t\000e\000n\000c\000i\000a}{}% 74
\BOOKMARK [0][-]{appendix.Alph3}{\376\377\000D\000i\000a\000g\000r\000a\000m\000a\000\040\000d\000e\000\040\000I\000s\000h\000i\000k\000a\000w\000a}{}% 75
\BOOKMARK [0][-]{appendix.Alph4}{\376\377\000\301\000r\000b\000o\000l\000\040\000d\000e\000\040\000p\000r\000o\000b\000l\000e\000m\000a\000s}{}% 76
\BOOKMARK [0][-]{appendix.Alph5}{\376\377\000\301\000r\000b\000o\000l\000\040\000d\000e\000\040\000o\000b\000j\000e\000t\000i\000v\000o\000s}{}% 77
\BOOKMARK [0][-]{appendix.Alph6}{\376\377\000I\000n\000s\000t\000r\000u\000m\000e\000n\000t\000o\000s\000\040\000d\000e\000\040\000r\000e\000c\000o\000l\000e\000c\000c\000i\000\363\000n\000\040\000d\000e\000\040\000d\000a\000t\000o\000s}{}% 78
\BOOKMARK [1][-]{section.Alph6.1}{\376\377\000C\000u\000e\000s\000t\000i\000o\000n\000a\000r\000i\000o\000\040\000d\000e\000\040\000u\000t\000i\000l\000i\000d\000a\000d\000\040\000p\000e\000r\000c\000i\000b\000i\000d\000a\000\040\000\050\000p\000r\000e\000t\000e\000s\000t\000\040\000y\000\040\000p\000o\000s\000t\000e\000s\000t\000\051}{appendix.Alph6}% 79
\BOOKMARK [1][-]{section.Alph6.2}{\376\377\000F\000i\000c\000h\000a\000\040\000d\000e\000\040\000e\000x\000t\000r\000a\000c\000c\000i\000\363\000n\000\040\000d\000e\000\040\000d\000a\000t\000o\000s\000\040\000\050\000A\000d\000u\000a\000n\000e\000t\000\040\000/\000\040\000I\000N\000E\000I\000\051}{appendix.Alph6}% 80
\BOOKMARK [0][-]{appendix.Alph7}{\376\377\000C\000o\000n\000s\000t\000a\000n\000c\000i\000a\000\040\000d\000e\000\040\000a\000p\000l\000i\000c\000a\000c\000i\000\363\000n\000\040\000d\000e\000\040\000i\000n\000s\000t\000r\000u\000m\000e\000n\000t\000o\000s}{}% 81
